0 silly input [ 'babel', 'src', '-d', 'dist', '--ignore', 'test.js,story.js' ]
1 silly flags { _: [ 'exec' ],
1 silly flags   'reject-cycles': false,
1 silly flags   rejectCycles: false,
1 silly flags   scope: '@calderawp/factory',
1 silly flags   command: 'babel',
1 silly flags   args: [ 'src', '-d', 'dist', '--ignore', 'test.js,story.js' ] }
2 verbose rootPath /Users/josh/caldera
3 info version 2.11.0
4 silly existsSync /Users/josh/caldera/VERSION
5 info versioning independent
6 info scope @calderawp/factory
7 silly initialize attempt
8 silly initialize success
9 silly execute attempt
10 error exec Errored while executing 'babel src -d dist --ignore test.js,story.js' in '@calderawp/factory'
11 error execute callback with error
12 error Error: Command failed: babel src -d dist --ignore test.js,story.js
12 error     at Promise.all.then.arr (/Users/josh/caldera/node_modules/lerna/node_modules/execa/index.js:236:11)
12 error     at <anonymous>
