Arguments: 
  /Users/josh/.nvm/versions/node/v8.12.0/bin/node /usr/local/bin/yarn

PATH: 
  /Users/josh/.nvm/versions/node/v8.12.0/bin:/usr/local/bin:/usr/bin:/bin:/usr/sbin:/sbin

Yarn version: 
  1.7.0

Node version: 
  8.12.0

Platform: 
  darwin x64

Trace: 
  SyntaxError: /Users/josh/caldera/js-packages/components/package.json: Unexpected string in JSON at position 1134
      at JSON.parse (<anonymous>)
      at /usr/local/lib/node_modules/yarn/lib/cli.js:1130:59
      at Generator.next (<anonymous>)
      at step (/usr/local/lib/node_modules/yarn/lib/cli.js:98:30)
      at /usr/local/lib/node_modules/yarn/lib/cli.js:109:13
      at <anonymous>

npm manifest: 
  {
    "name": "@caldera-labs/caldera",
    "description": "",
    "version": "0.0.1",
    "private": true,
    "license": "GPL-2.0",
    "workspaces": [
      "js-packages/*"
    ],
    "scripts": {
      "del-dist": "lerna exec --parallel -- del-cli dist",
      "prebuild": "yarn del-dist",
      "build": "lerna exec --scope @caldera-labs/shared -- babel src -d dist --ignore test.js,story.js",
      "start": "cd js-packages/app && yarn start",
      "test": "lerna run test",
      "test:app": "cd js-packages/app && yarn test",
      "test:shared": "cd js-packages/shared && yarn test",
      "storybook": "cd js-packages/shared && yarn storybook",
      "format": "prettier --use-tabs --print-width 80 --tab-width 4 --single-quote --write 'js-packages/*/src/**/*.js'"
    },
    "devDependencies": {
      "del-cli": "^1.1.0",
      "husky": "^0.14.3",
      "lerna": "^2.9.0",
      "prettier": "^1.11.1",
      "react-scripts": "1.1.4"
    }
  }

yarn manifest: 
  No manifest

Lockfile: 
  No lockfile
